0 info it worked if it ends with ok
1 verbose cli [ '/usr/local/bin/node', '/usr/local/bin/npm', 'start' ]
2 info using npm@3.10.3
3 info using node@v6.7.0
4 verbose run-script [ 'prestart', 'start', 'poststart' ]
5 info lifecycle edition-node-gulp@1.4.0~prestart: edition-node-gulp@1.4.0
6 silly lifecycle edition-node-gulp@1.4.0~prestart: no script for prestart, continuing
7 info lifecycle edition-node-gulp@1.4.0~start: edition-node-gulp@1.4.0
8 verbose lifecycle edition-node-gulp@1.4.0~start: unsafe-perm in lifecycle true
9 verbose lifecycle edition-node-gulp@1.4.0~start: PATH: /usr/local/lib/node_modules/npm/bin/node-gyp-bin:/Users/clem/Documents/Work/Webians/patternlab-boilerplate/node_modules/.bin:/usr/local/bin:/Users/clem/anaconda/bin:/Applications/MAMP/bin/php/php5.6.2/bin:/usr/local/bin:/usr/bin:/bin:/usr/sbin:/sbin:/Applications/MAMP/Library/bin/:/usr/local/mongodb/bin:/usr/local/heroku/bin:/usr/local/bin/brew:/Users/clem/.composer/vendor/bin
10 verbose lifecycle edition-node-gulp@1.4.0~start: CWD: /Users/clem/Documents/Work/Webians/patternlab-boilerplate
11 silly lifecycle edition-node-gulp@1.4.0~start: Args: [ '-c', 'gulp patternlab:serve' ]
12 info lifecycle edition-node-gulp@1.4.0~start: Failed to exec start script
13 verbose stack Error: edition-node-gulp@1.4.0 start: `gulp patternlab:serve`
13 verbose stack spawn ENOENT
13 verbose stack     at ChildProcess.<anonymous> (/usr/local/lib/node_modules/npm/lib/utils/spawn.js:33:16)
13 verbose stack     at emitTwo (events.js:106:13)
13 verbose stack     at ChildProcess.emit (events.js:191:7)
13 verbose stack     at maybeClose (internal/child_process.js:877:16)
13 verbose stack     at Process.ChildProcess._handle.onexit (internal/child_process.js:226:5)
14 verbose pkgid edition-node-gulp@1.4.0
15 verbose cwd /Users/clem/Documents/Work/Webians/patternlab-boilerplate
16 error Darwin 15.2.0
17 error argv "/usr/local/bin/node" "/usr/local/bin/npm" "start"
18 error node v6.7.0
19 error npm  v3.10.3
20 error file sh
21 error code ELIFECYCLE
22 error errno ENOENT
23 error syscall spawn
24 error edition-node-gulp@1.4.0 start: `gulp patternlab:serve`
24 error spawn ENOENT
25 error Failed at the edition-node-gulp@1.4.0 start script 'gulp patternlab:serve'.
25 error Make sure you have the latest version of node.js and npm installed.
25 error If you do, this is most likely a problem with the edition-node-gulp package,
25 error not with npm itself.
25 error Tell the author that this fails on your system:
25 error     gulp patternlab:serve
25 error You can get information on how to open an issue for this project with:
25 error     npm bugs edition-node-gulp
25 error Or if that isn't available, you can get their info via:
25 error     npm owner ls edition-node-gulp
25 error There is likely additional logging output above.
26 verbose exit [ 1, true ]
